#
# There is insufficient memory for the Java Runtime Environment to continue.
# Native memory allocation (mmap) failed to map 199229440 bytes for G1 virtual space
# Possible reasons:
#   The system is out of physical RAM or swap space
#   The process is running with CompressedOops enabled, and the Java Heap may be blocking the growth of the native heap
# Possible solutions:
#   Reduce memory load on the system
#   Increase physical memory or swap space
#   Check if swap backing store is full
#   Decrease Java heap size (-Xmx/-Xms)
#   Decrease number of Java threads
#   Decrease Java thread stack sizes (-Xss)
#   Set larger code cache with -XX:ReservedCodeCacheSize=
#   JVM is running with Zero Based Compressed Oops mode in which the Java heap is
#     placed in the first 32GB address space. The Java Heap base address is the
#     maximum limit for the native heap growth. Please use -XX:HeapBaseMinAddress
#     to set the Java Heap base and to place the Java Heap above 32GB virtual address.
# This output file may be truncated or incomplete.
#
#  Out of Memory Error (os_windows.cpp:3535), pid=21096, tid=14604
#
# JRE version:  (17.0.3+7) (build )
# Java VM: OpenJDK 64-Bit Server VM (17.0.3+7, mixed mode, emulated-client, sharing, tiered, compressed oops, compressed class ptrs, g1 gc, windows-amd64)
# No core dump will be written. Minidumps are not enabled by default on client versions of Windows
#

---------------  S U M M A R Y ------------

Command Line: -Dsts.lsp.client=vscode -Dsts.log.file=/dev/null -XX:TieredStopAtLevel=1 -Dspring.config.location=file:c:\Users\Ananthu\.vscode\extensions\pivotal.vscode-spring-boot-1.33.0\language-server\BOOT-INF\classes\application.properties org.springframework.ide.vscode.boot.app.BootLanguageServerBootApp

Host: Intel(R) Core(TM) i3-6006U CPU @ 2.00GHz, 4 cores, 11G,  Windows 10 , 64 bit Build 19041 (10.0.19041.1706)
Time: Thu Jun  9 22:22:32 2022 India Standard Time elapsed time: 0.023149 seconds (0d 0h 0m 0s)

---------------  T H R E A D  ---------------

Current thread (0x000001610bdc9ee0):  JavaThread "Unknown thread" [_thread_in_vm, id=14604, stack(0x00000050e8e00000,0x00000050e8f00000)]

Stack: [0x00000050e8e00000,0x00000050e8f00000]
Native frames: (J=compiled Java code, j=interpreted, Vv=VM code, C=native code)
V  [jvm.dll+0x675efa]
V  [jvm.dll+0x830a24]
V  [jvm.dll+0x8321ce]
V  [jvm.dll+0x832833]
V  [jvm.dll+0x2454b5]
V  [jvm.dll+0x672de9]
V  [jvm.dll+0x667732]
V  [jvm.dll+0x3043ab]
V  [jvm.dll+0x30b8f6]
V  [jvm.dll+0x35b62e]
V  [jvm.dll+0x35b85f]
V  [jvm.dll+0x2db248]
V  [jvm.dll+0x2dc1b4]
V  [jvm.dll+0x802651]
V  [jvm.dll+0x3693b1]
V  [jvm.dll+0x7e1aac]
V  [jvm.dll+0x3ebd8f]
V  [jvm.dll+0x3ed911]
C  [jli.dll+0x5277]
C  [ucrtbase.dll+0x21bb2]
C  [KERNEL32.DLL+0x17034]
C  [ntdll.dll+0x52651]


---------------  P R O C E S S  ---------------

Threads class SMR info:
_java_thread_list=0x00007ffc52d26e98, length=0, elements={
}

Java Threads: ( => current thread )

Other Threads:
  0x000001610def4150 GCTaskThread "GC Thread#0" [stack: 0x00000050e8f00000,0x00000050e9000000] [id=18256]
  0x000001610df00de0 ConcurrentGCThread "G1 Main Marker" [stack: 0x00000050e9000000,0x00000050e9100000] [id=20584]
  0x000001610df01f90 ConcurrentGCThread "G1 Conc#0" [stack: 0x00000050e9100000,0x00000050e9200000] [id=16584]

[error occurred during error reporting (printing all threads), id 0xc0000005, EXCEPTION_ACCESS_VIOLATION (0xc0000005) at pc=0x00007ffc524fbcd7]

VM state: not at safepoint (not fully initialized)

VM Mutex/Monitor currently owned by a thread:  ([mutex/lock_event])
[0x000001610de9d560] Heap_lock - owner thread: 0x000001610bdc9ee0

Heap address: 0x0000000742a00000, size: 3030 MB, Compressed Oops mode: Zero based, Oop shift amount: 3

CDS archive(s) mapped at: [0x0000000000000000-0x0000000000000000-0x0000000000000000), size 0, SharedBaseAddress: 0x0000000800000000, ArchiveRelocationMode: 0.
Narrow klass base: 0x0000000000000000, Narrow klass shift: 0, Narrow klass range: 0x0

GC Precious Log:
<Empty>

Heap:
 garbage-first heap   total 0K, used 0K [0x0000000742a00000, 0x0000000800000000)
  region size 2048K, 0 young (0K), 0 survivors (0K)

[error occurred during error reporting (printing heap information), id 0xc0000005, EXCEPTION_ACCESS_VIOLATION (0xc0000005) at pc=0x00007ffc528df249]

GC Heap History (0 events):
No events

Deoptimization events (0 events):
No events

Classes unloaded (0 events):
No events

Classes redefined (0 events):
No events

Internal exceptions (0 events):
No events

VM Operations (0 events):
No events

Events (1 events):
Event: 0.013 Loaded shared library c:\Users\Ananthu\.vscode\extensions\redhat.java-1.7.0-win32-x64\jre\17.0.3-win32-x86_64\bin\java.dll


Dynamic libraries:
0x00007ff63d6d0000 - 0x00007ff63d6de000 	c:\Users\Ananthu\.vscode\extensions\redhat.java-1.7.0-win32-x64\jre\17.0.3-win32-x86_64\bin\java.exe
0x00007ffc97230000 - 0x00007ffc97425000 	C:\WINDOWS\SYSTEM32\ntdll.dll
0x00007ffc96060000 - 0x00007ffc9611d000 	C:\WINDOWS\System32\KERNEL32.DLL
0x00007ffc94f80000 - 0x00007ffc9524d000 	C:\WINDOWS\System32\KERNELBASE.dll
0x00007ffc94d00000 - 0x00007ffc94e00000 	C:\WINDOWS\System32\ucrtbase.dll
0x00007ffc861e0000 - 0x00007ffc861f8000 	c:\Users\Ananthu\.vscode\extensions\redhat.java-1.7.0-win32-x64\jre\17.0.3-win32-x86_64\bin\jli.dll
0x00007ffc861c0000 - 0x00007ffc861d9000 	c:\Users\Ananthu\.vscode\extensions\redhat.java-1.7.0-win32-x64\jre\17.0.3-win32-x86_64\bin\VCRUNTIME140.dll
0x00007ffc96a20000 - 0x00007ffc96bc0000 	C:\WINDOWS\System32\USER32.dll
0x00007ffc95250000 - 0x00007ffc95272000 	C:\WINDOWS\System32\win32u.dll
0x00007ffc83790000 - 0x00007ffc83a2a000 	C:\WINDOWS\WinSxS\amd64_microsoft.windows.common-controls_6595b64144ccf1df_6.0.19041.1110_none_60b5254171f9507e\COMCTL32.dll
0x00007ffc95d00000 - 0x00007ffc95d9e000 	C:\WINDOWS\System32\msvcrt.dll
0x00007ffc96c70000 - 0x00007ffc96c9a000 	C:\WINDOWS\System32\GDI32.dll
0x00007ffc94e70000 - 0x00007ffc94f7b000 	C:\WINDOWS\System32\gdi32full.dll
0x00007ffc94c10000 - 0x00007ffc94cad000 	C:\WINDOWS\System32\msvcp_win.dll
0x00007ffc97140000 - 0x00007ffc97170000 	C:\WINDOWS\System32\IMM32.DLL
0x00007ffc8d3e0000 - 0x00007ffc8d3ec000 	c:\Users\Ananthu\.vscode\extensions\redhat.java-1.7.0-win32-x64\jre\17.0.3-win32-x86_64\bin\vcruntime140_1.dll
0x00007ffc84370000 - 0x00007ffc84401000 	c:\Users\Ananthu\.vscode\extensions\redhat.java-1.7.0-win32-x64\jre\17.0.3-win32-x86_64\bin\msvcp140.dll
0x00007ffc52210000 - 0x00007ffc52e58000 	c:\Users\Ananthu\.vscode\extensions\redhat.java-1.7.0-win32-x64\jre\17.0.3-win32-x86_64\bin\server\jvm.dll
0x00007ffc96bc0000 - 0x00007ffc96c6e000 	C:\WINDOWS\System32\ADVAPI32.dll
0x00007ffc96120000 - 0x00007ffc961bc000 	C:\WINDOWS\System32\sechost.dll
0x00007ffc95bd0000 - 0x00007ffc95cf5000 	C:\WINDOWS\System32\RPCRT4.dll
0x00007ffc961c0000 - 0x00007ffc961c8000 	C:\WINDOWS\System32\PSAPI.DLL
0x00007ffc7cde0000 - 0x00007ffc7cde9000 	C:\WINDOWS\SYSTEM32\WSOCK32.dll
0x00007ffc829e0000 - 0x00007ffc82a07000 	C:\WINDOWS\SYSTEM32\WINMM.dll
0x00007ffc802c0000 - 0x00007ffc802ca000 	C:\WINDOWS\SYSTEM32\VERSION.dll
0x00007ffc96d60000 - 0x00007ffc96dcb000 	C:\WINDOWS\System32\WS2_32.dll
0x00007ffc931d0000 - 0x00007ffc931e2000 	C:\WINDOWS\SYSTEM32\kernel.appcore.dll
0x00007ffc8d250000 - 0x00007ffc8d25a000 	c:\Users\Ananthu\.vscode\extensions\redhat.java-1.7.0-win32-x64\jre\17.0.3-win32-x86_64\bin\jimage.dll
0x00007ffc92ed0000 - 0x00007ffc930b4000 	C:\WINDOWS\SYSTEM32\DBGHELP.DLL
0x00007ffc7f9a0000 - 0x00007ffc7f9cc000 	C:\WINDOWS\SYSTEM32\dbgcore.DLL
0x00007ffc94970000 - 0x00007ffc949f2000 	C:\WINDOWS\System32\bcryptPrimitives.dll
0x00007ffc856e0000 - 0x00007ffc85705000 	c:\Users\Ananthu\.vscode\extensions\redhat.java-1.7.0-win32-x64\jre\17.0.3-win32-x86_64\bin\java.dll

dbghelp: loaded successfully - version: 4.0.5 - missing functions: none
symbol engine: initialized successfully - sym options: 0x614 - pdb path: .;c:\Users\Ananthu\.vscode\extensions\redhat.java-1.7.0-win32-x64\jre\17.0.3-win32-x86_64\bin;C:\WINDOWS\SYSTEM32;C:\WINDOWS\WinSxS\amd64_microsoft.windows.common-controls_6595b64144ccf1df_6.0.19041.1110_none_60b5254171f9507e;c:\Users\Ananthu\.vscode\extensions\redhat.java-1.7.0-win32-x64\jre\17.0.3-win32-x86_64\bin\server

VM Arguments:
jvm_args: -Dsts.lsp.client=vscode -Dsts.log.file=/dev/null -XX:TieredStopAtLevel=1 -Dspring.config.location=file:c:\Users\Ananthu\.vscode\extensions\pivotal.vscode-spring-boot-1.33.0\language-server\BOOT-INF\classes\application.properties 
java_command: org.springframework.ide.vscode.boot.app.BootLanguageServerBootApp
java_class_path (initial): c:\Users\Ananthu\.vscode\extensions\pivotal.vscode-spring-boot-1.33.0\language-server\BOOT-INF\classes;c:\Users\Ananthu\.vscode\extensions\pivotal.vscode-spring-boot-1.33.0\language-server\BOOT-INF\lib\antlr4-runtime-4.5.3.jar;c:\Users\Ananthu\.vscode\extensions\pivotal.vscode-spring-boot-1.33.0\language-server\BOOT-INF\lib\byte-buddy-1.10.18.jar;c:\Users\Ananthu\.vscode\extensions\pivotal.vscode-spring-boot-1.33.0\language-server\BOOT-INF\lib\commons-codec-1.14.jar;c:\Users\Ananthu\.vscode\extensions\pivotal.vscode-spring-boot-1.33.0\language-server\BOOT-INF\lib\commons-io-2.4.jar;c:\Users\Ananthu\.vscode\extensions\pivotal.vscode-spring-boot-1.33.0\language-server\BOOT-INF\lib\commons-java-1.33.0-SNAPSHOT.jar;c:\Users\Ananthu\.vscode\extensions\pivotal.vscode-spring-boot-1.33.0\language-server\BOOT-INF\lib\commons-lang3-3.10.jar;c:\Users\Ananthu\.vscode\extensions\pivotal.vscode-spring-boot-1.33.0\language-server\BOOT-INF\lib\commons-language-server-1.33.0-SNAPSHOT.jar;c:\Users\Ananthu\.vscode\extensions\pivotal.vscode-spring-boot-1.33.0\language-server\BOOT-INF\lib\commons-lsp-extensions-1.33.0-SNAPSHOT.jar;c:\Users\Ananthu\.vscode\extensions\pivotal.vscode-spring-boot-1.33.0\language-server\BOOT-INF\lib\commons-util-1.33.0-SNAPSHOT.jar;c:\Users\Ananthu\.vscode\extensions\pivotal.vscode-spring-boot-1.33.0\language-server\BOOT-INF\lib\commons-yaml-1.33.0-SNAPSHOT.jar;c:\Users\Ananthu\.vscode\extensions\pivotal.vscode-spring-boot-1.33.0\language-server\BOOT-INF\lib\gson-2.8.6.jar;c:\Users\Ananthu\.vscode\extensions\pivotal.vscode-spring-boot-1.33.0\language-server\BOOT-INF\lib\guava-19.0.jar;c:\Users\Ananthu\.vscode\extensions\pivotal.vscode-spring-boot-1.33.0\language-server\BOOT-INF\lib\jakarta.annotation-api-1.3.5.jar;c:\Users\Ananthu\.vscode\extensions\pivotal.vscode-spring-boot-1.33.0\language-server\BOOT-INF\lib\jandex-2.0.5.Final.jar;c:\Users\Ananthu\.vscode\extensions\pivotal.vscode-spring-boot-1.33.0\language-server\BOOT-INF\li
Launcher Type: SUN_STANDARD

[Global flags]
     intx CICompilerCount                          = 3                                         {product} {ergonomic}
     uint ConcGCThreads                            = 1                                         {product} {ergonomic}
     uint G1ConcRefinementThreads                  = 4                                         {product} {ergonomic}
   size_t G1HeapRegionSize                         = 2097152                                   {product} {ergonomic}
    uintx GCDrainStackTargetSize                   = 64                                        {product} {ergonomic}
   size_t InitialHeapSize                          = 199229440                                 {product} {ergonomic}
   size_t MarkStackSize                            = 4194304                                   {product} {ergonomic}
   size_t MaxHeapSize                              = 3177185280                                {product} {ergonomic}
   size_t MinHeapDeltaBytes                        = 2097152                                   {product} {ergonomic}
   size_t MinHeapSize                              = 8388608                                   {product} {ergonomic}
    uintx NonProfiledCodeHeapSize                  = 0                                      {pd product} {ergonomic}
     bool ProfileInterpreter                       = false                                  {pd product} {command line}
    uintx ProfiledCodeHeapSize                     = 0                                      {pd product} {ergonomic}
   size_t SoftMaxHeapSize                          = 3177185280                             {manageable} {ergonomic}
     intx TieredStopAtLevel                        = 1                                         {product} {command line}
     bool UseCompressedClassPointers               = true                           {product lp64_product} {ergonomic}
     bool UseCompressedOops                        = true                           {product lp64_product} {ergonomic}
     bool UseG1GC                                  = true                                      {product} {ergonomic}
     bool UseLargePagesIndividualAllocation        = false                                  {pd product} {ergonomic}

Logging:
Log output configuration:
 #0: stdout all=warning uptime,level,tags
 #1: stderr all=off uptime,level,tags

Environment Variables:
JAVA_HOME=C:\Program Files\Java\jdk1.8.0_111
PATH=C:\Users\Ananthu\bin;C:\Program Files\Git\mingw64\bin;C:\Program Files\Git\usr\local\bin;C:\Program Files\Git\usr\bin;C:\Program Files\Git\usr\bin;C:\Program Files\Git\mingw64\bin;C:\Program Files\Git\usr\bin;C:\Users\Ananthu\bin;C:\Program Files\Common Files\Oracle\Java\javapath;E:\Program Files (x86)\VMware\VMware Player\bin;C:\Program Files (x86)\Common Files\Oracle\Java\javapath;C:\ProgramData\Oracle\Java\javapath;C:\Program Files (x86)\NVIDIA Corporation\PhysX\Common;C:\app\Ananthu\product\11.2.0\dbhome_1\bin;D:\app\Ananthu\product\11.2.0\dbhome_1\bin;C:\WINDOWS\system32;C:\WINDOWS;C:\WINDOWS\System32\Wbem;C:\WINDOWS\System32\WindowsPowerShell\v1.0;C:\WINDOWS\System32\OpenSSH;C:\Program Files\nodejs;C:\Program Files\dotnet;C:\Users\Ananthu\AppData\Local\Microsoft\WindowsApps;D:\Users\Ananthu\AppData\Local\Programs\Microsoft VS Code\bin;C:\Users\Ananthu\AppData\Roaming\npm;C:\Users\Ananthu\.dotnet\tools;C:\adb;C:\Program Files (x86)\dotnet;C:\tools\gradle-7.0\bin;C:\Users\Ananthu\Downloads\librarymanagementsystem-c8c7b-firebase-adminsdk-v4ua6-a6c2015367.json;C:\Users\Ananthu\AppData\Local\Programs\Python\Python39;C:\Users\Ananthu\AppData\Local\Programs\Python\Python36-32;C:\ProgramData\chocolatey\bin;C:\Program Files\Java\jre1.8.0_271\lib\ext;C:\xampp\mysql;C:\Users\Ananthu\Maven\bin;C:\Program Files\Git\cmd;C:\Program Files\Android\Android Studio\jre\jre;C:\Program Files\Java\jdk1.8.0_111\bin;C:\tools\opencv\opencv\build\x64\vc15\bin;C:\Program Files\MongoDB\Server\5.0\bin;C:\Program Files\heroku\bin;C:\Users\Ananthu\.nvm;C:\Users\Ananthu\AppData\Local\Programs\Python\Python39\Scripts;C:\Users\Ananthu\.cargo\bin;C:\Users\Ananthu\AppData\Local\Programs\Python\Python36-32;C:\Users\Ananthu\AppData\Local\Programs\Python\Python39;C:\Program Files\MySQL\MySQL Shell 8.0\bin;C:\Users\Ananthu\AppData\Local\Microsoft\WindowsApps;C:\Users\Ananthu\AppData\Roaming\npm;C:\Users\Ananthu\.dotnet\tools;E:\xampp3\php;C:\Users\Ananthu\AppData\Local\Programs\Microsoft VS Code\bi
USERNAME=Ananthu
SHELL=C:\Program Files\Git\usr\bin\bash.exe
DISPLAY=needs-to-be-defined
LANG=en_US.UTF-8
OS=Windows_NT
PROCESSOR_IDENTIFIER=Intel64 Family 6 Model 78 Stepping 3, GenuineIntel



---------------  S Y S T E M  ---------------

OS:
 Windows 10 , 64 bit Build 19041 (10.0.19041.1706)
OS uptime: 19 days 4:51 hours

CPU: total 4 (initial active 4) (2 cores per cpu, 2 threads per core) family 6 model 78 stepping 3 microcode 0xcc, cx8, cmov, fxsr, ht, mmx, 3dnowpref, sse, sse2, sse3, ssse3, sse4.1, sse4.2, popcnt, lzcnt, tsc, tscinvbit, avx, avx2, aes, erms, clmul, bmi1, bmi2, adx, fma, vzeroupper, clflush, clflushopt

Memory: 4k page, system-wide physical 12119M (4370M free)
TotalPageFile size 13505M (AvailPageFile size 104M)
current process WorkingSet (physical memory assigned to process): 10M, peak: 10M
current process commit charge ("private bytes"): 46M, peak: 236M

vm_info: OpenJDK 64-Bit Server VM (17.0.3+7) for windows-amd64 JRE (17.0.3+7), built on Apr 19 2022 16:55:35 by "" with MS VC++ 16.7 (VS2019)

END.
